2025-05-22 11:15:04.833 +08:00 || Information ||  || 服务启动："Services Starting..." ||  ||end 
2025-05-22 11:15:04.943 +08:00 || Information ||  || 运行环境: "MQ接口服务正在运行!!! 请勿随意关闭接口服务，避免造成数据丢失!!! Powered by .NET 9.0.5 强力驱动 on Kestrel" ||  ||end 
2025-05-22 11:15:05.252 +08:00 || Information || Microsoft.Hosting.Lifetime || Now listening on: "http://localhost:5016" ||  ||end 
2025-05-22 11:15:05.260 +08:00 || Information || Microsoft.Hosting.Lifetime || Application started. Press Ctrl+C to shut down. ||  ||end 
2025-05-22 11:15:05.263 +08:00 || Information || Microsoft.Hosting.Lifetime || Hosting environment: "Development" ||  ||end 
2025-05-22 11:15:05.265 +08:00 || Information || Microsoft.Hosting.Lifetime || Content root path: "D:\客户源码--余开明\私单\江西附属医院\MQWebApplication\MQWebApplication" ||  ||end 
2025-05-22 11:16:12.022 +08:00 || Information || Microsoft.AspNetCore.Hosting.Diagnostics || Request starting "HTTP/1.1" "POST" "http"://"localhost:5016""""/api/MQ/ComposePutAndGetMsg""" - "application/json" 86 ||  ||end 
2025-05-22 11:16:12.051 +08:00 || Warning || Microsoft.AspNetCore.HttpsPolicy.HttpsRedirectionMiddleware || Failed to determine the https port for redirect. ||  ||end 
2025-05-22 11:16:12.059 +08:00 || Information || Microsoft.AspNetCore.Routing.EndpointMiddleware || Executing endpoint '"MQWebApplication.Controllers.MQController.post (MQWebApplication)"' ||  ||end 
2025-05-22 11:16:12.094 +08:00 || Information || Microsoft.AspNetCore.Mvc.Infrastructure.ControllerActionInvoker || Route matched with "{action = \"post\", controller = \"MQ\"}". Executing controller action with signature "Microsoft.AspNetCore.Mvc.IActionResult post(MQWebApplication.Models.PutMsgDto)" on controller "MQWebApplication.Controllers.MQController" ("MQWebApplication"). ||  ||end 
2025-05-22 11:16:18.192 +08:00 || Information || MQWebApplication.Controllers.MQController || XML消息体内容:"﻿<ESBEntry><AccessControl><SysFlag>1</SysFlag><UserName>rsgl</UserName><Password>rsgl123</Password><Fid>PS02004</Fid><OrderNo>PS02004S01001</OrderNo></AccessControl><MessageHeader><OrderNo>PS02004S01001</OrderNo><Fid>PS02004</Fid><SourceSysCode>S27</SourceSysCode><ReturnFlag>-1</ReturnFlag><HospCode>GH01</HospCode><TargetSysCode>S00</TargetSysCode><MsgDate>2025-05-22 11:16:17</MsgDate></MessageHeader><MsgInfo flag=\"\"><Msg id=\"996\" lastUpdate=\"2025-05-22 11:16:17\" action=\"update\"><PINYIN_CODE /><WUBI_CODE /><INVALID_FLAG>1</INVALID_FLAG><RECORD_DATE /><SUBOR_HOSPITAL_DISTRICT>A</SUBOR_HOSPITAL_DISTRICT><DEPT_CODE>1234</DEPT_CODE><DEPT_NAME>测试科室</DEPT_NAME><OI_DEPT_FLAG /><MS_DEPT_FLAG /><DEPT_CATEG_CODE>O</DEPT_CATEG_CODE><DEPT_CATEG_NAME>其它</DEPT_CATEG_NAME><SUPERIOR_DEPT_CODE /><SUPERIOR_DEPT_NAME /><LOCATION /><CLINIC_DEPT_FLAG /><UPDATE_USER /><UPDATE_TIME>2025-05-22 11:16:17</UPDATE_TIME><IS_WARD>0</IS_WARD><UPDATE_FLAG>0</UPDATE_FLAG></Msg></MsgInfo></ESBEntry>" ||  ||end 
2025-05-22 11:16:18.218 +08:00 || Information || MQWebApplication.Controllers.MQController || 生成MQ消息体内容:PutMsgDto { DataChannel: "PS02004", Msg: "﻿<ESBEntry><AccessControl><SysFlag>1</SysFlag><UserName>rsgl</UserName><Password>rsgl123</Password><Fid>PS02004</Fid><OrderNo>PS02004S01001</OrderNo></AccessControl><MessageHeader><OrderNo>PS02004S01001</OrderNo><Fid>PS02004</Fid><SourceSysCode>S27</SourceSysCode><ReturnFlag>-1</ReturnFlag><HospCode>GH01</HospCode><TargetSysCode>S00</TargetSysCode><MsgDate>2025-05-22 11:16:17</MsgDate></MessageHeader><MsgInfo flag=\"\"><Msg id=\"996\" lastUpdate=\"2025-05-22 11:16:17\" action=\"update\"><PINYIN_CODE /><WUBI_CODE /><INVALID_FLAG>1</INVALID_FLAG><RECORD_DATE /><SUBOR_HOSPITAL_DISTRICT>A</SUBOR_HOSPITAL_DISTRICT><DEPT_CODE>1234</DEPT_CODE><DEPT_NAME>测试科室</DEPT_NAME><OI_DEPT_FLAG /><MS_DEPT_FLAG /><DEPT_CATEG_CODE>O</DEPT_CATEG_CODE><DEPT_CATEG_NAME>其它</DEPT_CATEG_NAME><SUPERIOR_DEPT_CODE /><SUPERIOR_DEPT_NAME /><LOCATION /><CLINIC_DEPT_FLAG /><UPDATE_USER /><UPDATE_TIME>2025-05-22 11:16:17</UPDATE_TIME><IS_WARD>0</IS_WARD><UPDATE_FLAG>0</UPDATE_FLAG></Msg></MsgInfo></ESBEntry>", MsgId: "", QMgrName: "QMGR.P27", WaitInternal: 1 } ||  ||end 
2025-05-22 11:16:23.411 +08:00 || Information || MQWebApplication.Controllers.MQController || 接收返回MQ消息:SdkResponse`1 { Result: null, Msg: "", Code: "SDK23999", IsSuccessful: False, Data: null, OID: null } ||  ||end 
2025-05-22 11:16:23.420 +08:00 || Information || Microsoft.AspNetCore.Mvc.Infrastructure.ObjectResultExecutor || Executing "OkObjectResult", writing value of type '"MQSDK.SdkResponse`1[[MQSDK.Models.GetMsgResult, MQSDK, Version=4.5.7905.29417, Culture=neutral, PublicKeyToken=null]]"'. ||  ||end 
2025-05-22 11:16:23.448 +08:00 || Information || Microsoft.AspNetCore.Mvc.Infrastructure.ControllerActionInvoker || Executed action "MQWebApplication.Controllers.MQController.post (MQWebApplication)" in 11345.6073ms ||  ||end 
2025-05-22 11:16:23.460 +08:00 || Information || Microsoft.AspNetCore.Routing.EndpointMiddleware || Executed endpoint '"MQWebApplication.Controllers.MQController.post (MQWebApplication)"' ||  ||end 
2025-05-22 11:16:23.462 +08:00 || Information || Microsoft.AspNetCore.Hosting.Diagnostics || Request finished "HTTP/1.1" "POST" "http"://"localhost:5016""""/api/MQ/ComposePutAndGetMsg""" - 200 null "application/json; charset=utf-8" 11441.8144ms ||  ||end 
2025-05-22 11:16:31.494 +08:00 || Information || Microsoft.Hosting.Lifetime || Application is shutting down... ||  ||end 
2025-05-22 11:21:36.511 +08:00 || Information ||  || 服务启动："Services Starting..." ||  ||end 
2025-05-22 11:21:36.572 +08:00 || Information ||  || 运行环境: "MQ接口服务正在运行!!! 请勿随意关闭接口服务，避免造成数据丢失!!! Powered by .NET 9.0.5 强力驱动 on Kestrel" ||  ||end 
2025-05-22 11:21:36.920 +08:00 || Information || Microsoft.Hosting.Lifetime || Now listening on: "http://localhost:5016" ||  ||end 
2025-05-22 11:21:36.924 +08:00 || Information || Microsoft.Hosting.Lifetime || Application started. Press Ctrl+C to shut down. ||  ||end 
2025-05-22 11:21:36.925 +08:00 || Information || Microsoft.Hosting.Lifetime || Hosting environment: "Development" ||  ||end 
2025-05-22 11:21:36.926 +08:00 || Information || Microsoft.Hosting.Lifetime || Content root path: "D:\客户源码--余开明\私单\江西附属医院\MQWebApplication\MQWebApplication" ||  ||end 
2025-05-22 11:21:44.939 +08:00 || Information || Microsoft.AspNetCore.Hosting.Diagnostics || Request starting "HTTP/1.1" "POST" "http"://"localhost:5016""""/api/MQ/ComposePutAndGetMsg""" - "application/json" 86 ||  ||end 
2025-05-22 11:21:44.985 +08:00 || Warning || Microsoft.AspNetCore.HttpsPolicy.HttpsRedirectionMiddleware || Failed to determine the https port for redirect. ||  ||end 
2025-05-22 11:21:44.991 +08:00 || Information || Microsoft.AspNetCore.Routing.EndpointMiddleware || Executing endpoint '"MQWebApplication.Controllers.MQController.post (MQWebApplication)"' ||  ||end 
2025-05-22 11:21:45.044 +08:00 || Information || Microsoft.AspNetCore.Mvc.Infrastructure.ControllerActionInvoker || Route matched with "{action = \"post\", controller = \"MQ\"}". Executing controller action with signature "Microsoft.AspNetCore.Mvc.IActionResult post(MQWebApplication.Models.PutMsgDto)" on controller "MQWebApplication.Controllers.MQController" ("MQWebApplication"). ||  ||end 
2025-05-22 11:27:09.371 +08:00 || Information ||  || 服务启动："Services Starting..." ||  ||end 
2025-05-22 11:27:09.491 +08:00 || Information ||  || 运行环境: "MQ接口服务正在运行!!! 请勿随意关闭接口服务，避免造成数据丢失!!! Powered by .NET 9.0.5 强力驱动 on Kestrel" ||  ||end 
2025-05-22 11:27:10.219 +08:00 || Information || Microsoft.Hosting.Lifetime || Now listening on: "http://localhost:5016" ||  ||end 
2025-05-22 11:27:10.227 +08:00 || Information || Microsoft.Hosting.Lifetime || Application started. Press Ctrl+C to shut down. ||  ||end 
2025-05-22 11:27:10.230 +08:00 || Information || Microsoft.Hosting.Lifetime || Hosting environment: "Development" ||  ||end 
2025-05-22 11:27:10.232 +08:00 || Information || Microsoft.Hosting.Lifetime || Content root path: "D:\客户源码--余开明\私单\江西附属医院\MQWebApplication\MQWebApplication" ||  ||end 
2025-05-22 11:27:18.596 +08:00 || Information || Microsoft.AspNetCore.Hosting.Diagnostics || Request starting "HTTP/1.1" "POST" "http"://"localhost:5016""""/api/MQ/ComposePutAndGetMsg""" - "application/json" 86 ||  ||end 
2025-05-22 11:27:18.644 +08:00 || Warning || Microsoft.AspNetCore.HttpsPolicy.HttpsRedirectionMiddleware || Failed to determine the https port for redirect. ||  ||end 
2025-05-22 11:27:18.650 +08:00 || Information || Microsoft.AspNetCore.Routing.EndpointMiddleware || Executing endpoint '"MQWebApplication.Controllers.MQController.post (MQWebApplication)"' ||  ||end 
2025-05-22 11:27:18.686 +08:00 || Information || Microsoft.AspNetCore.Mvc.Infrastructure.ControllerActionInvoker || Route matched with "{action = \"post\", controller = \"MQ\"}". Executing controller action with signature "Microsoft.AspNetCore.Mvc.IActionResult post(MQWebApplication.Models.PutMsgDto)" on controller "MQWebApplication.Controllers.MQController" ("MQWebApplication"). ||  ||end 
2025-05-22 11:33:29.810 +08:00 || Information || MQWebApplication.Controllers.MQController || XML消息体内容:"<ESBEntry><AccessControl><SysFlag>1</SysFlag><UserName>rsgl</UserName><Password>rsgl123</Password><Fid>PS02004</Fid><OrderNo>PS02004S01001</OrderNo></AccessControl><MessageHeader><OrderNo>PS02004S01001</OrderNo><Fid>PS02004</Fid><SourceSysCode>S27</SourceSysCode><ReturnFlag>-1</ReturnFlag><HospCode>GH01</HospCode><TargetSysCode>S00</TargetSysCode><MsgDate>2025-05-22 11:33:06</MsgDate></MessageHeader><MsgInfo flag=\"\"><Msg id=\"996\" lastUpdate=\"2025-05-22 11:33:06\" action=\"update\"><PINYIN_CODE /><WUBI_CODE /><INVALID_FLAG>1</INVALID_FLAG><RECORD_DATE /><SUBOR_HOSPITAL_DISTRICT>A</SUBOR_HOSPITAL_DISTRICT><DEPT_CODE>1234</DEPT_CODE><DEPT_NAME>测试科室</DEPT_NAME><OI_DEPT_FLAG /><MS_DEPT_FLAG /><DEPT_CATEG_CODE>O</DEPT_CATEG_CODE><DEPT_CATEG_NAME>其它</DEPT_CATEG_NAME><SUPERIOR_DEPT_CODE /><SUPERIOR_DEPT_NAME /><LOCATION /><CLINIC_DEPT_FLAG /><UPDATE_USER /><UPDATE_TIME>2025-05-22 11:33:06</UPDATE_TIME><IS_WARD>0</IS_WARD><UPDATE_FLAG>0</UPDATE_FLAG></Msg></MsgInfo></ESBEntry>" ||  ||end 
2025-05-22 11:33:36.577 +08:00 || Information || MQWebApplication.Controllers.MQController || 生成MQ消息体内容:PutMsgDto { DataChannel: "PS02004", Msg: "<ESBEntry><AccessControl><SysFlag>1</SysFlag><UserName>rsgl</UserName><Password>rsgl123</Password><Fid>PS02004</Fid><OrderNo>PS02004S01001</OrderNo></AccessControl><MessageHeader><OrderNo>PS02004S01001</OrderNo><Fid>PS02004</Fid><SourceSysCode>S27</SourceSysCode><ReturnFlag>-1</ReturnFlag><HospCode>GH01</HospCode><TargetSysCode>S00</TargetSysCode><MsgDate>2025-05-22 11:33:06</MsgDate></MessageHeader><MsgInfo flag=\"\"><Msg id=\"996\" lastUpdate=\"2025-05-22 11:33:06\" action=\"update\"><PINYIN_CODE /><WUBI_CODE /><INVALID_FLAG>1</INVALID_FLAG><RECORD_DATE /><SUBOR_HOSPITAL_DISTRICT>A</SUBOR_HOSPITAL_DISTRICT><DEPT_CODE>1234</DEPT_CODE><DEPT_NAME>测试科室</DEPT_NAME><OI_DEPT_FLAG /><MS_DEPT_FLAG /><DEPT_CATEG_CODE>O</DEPT_CATEG_CODE><DEPT_CATEG_NAME>其它</DEPT_CATEG_NAME><SUPERIOR_DEPT_CODE /><SUPERIOR_DEPT_NAME /><LOCATION /><CLINIC_DEPT_FLAG /><UPDATE_USER /><UPDATE_TIME>2025-05-22 11:33:06</UPDATE_TIME><IS_WARD>0</IS_WARD><UPDATE_FLAG>0</UPDATE_FLAG></Msg></MsgInfo></ESBEntry>", MsgId: "", QMgrName: "QMGR.P27", WaitInternal: 1 } ||  ||end 
2025-05-22 11:34:06.100 +08:00 || Information || MQWebApplication.Controllers.MQController || 接收返回MQ消息:SdkResponse`1 { Result: null, Msg: "", Code: "SDK23999", IsSuccessful: False, Data: null, OID: null } ||  ||end 
2025-05-22 21:33:43.700 +08:00 || Information ||  || 服务启动："Services Starting..." ||  ||end 
2025-05-22 21:33:43.764 +08:00 || Information ||  || 运行环境: "MQ接口服务正在运行!!! 请勿随意关闭接口服务，避免造成数据丢失!!! Powered by .NET 9.0.5 强力驱动 on Kestrel" ||  ||end 
2025-05-22 21:33:44.128 +08:00 || Warning || Microsoft.AspNetCore.Server.Kestrel || Overriding address(es) '"http://localhost:5016"'. Binding to endpoints defined via IConfiguration and/or UseKestrel() instead. ||  ||end 
2025-05-22 21:33:44.178 +08:00 || Information || Microsoft.Hosting.Lifetime || Now listening on: "http://[::]:5000" ||  ||end 
2025-05-22 21:33:44.184 +08:00 || Information || Microsoft.Hosting.Lifetime || Application started. Press Ctrl+C to shut down. ||  ||end 
2025-05-22 21:33:44.188 +08:00 || Information || Microsoft.Hosting.Lifetime || Hosting environment: "Development" ||  ||end 
2025-05-22 21:33:44.190 +08:00 || Information || Microsoft.Hosting.Lifetime || Content root path: "D:\客户源码--余开明\私单\江西附属医院\MQWebApplication\MQWebApplication" ||  ||end 
2025-05-22 21:34:26.547 +08:00 || Information || Microsoft.AspNetCore.Hosting.Diagnostics || Request starting "HTTP/1.1" "GET" "http"://"localhost:5000""""/scalar/""" - null null ||  ||end 
2025-05-22 21:34:26.611 +08:00 || Warning || Microsoft.AspNetCore.HttpsPolicy.HttpsRedirectionMiddleware || Failed to determine the https port for redirect. ||  ||end 
2025-05-22 21:34:26.622 +08:00 || Information || Microsoft.AspNetCore.Routing.EndpointMiddleware || Executing endpoint '"HTTP: GET /scalar/{documentName?}"' ||  ||end 
2025-05-22 21:34:26.724 +08:00 || Information || Microsoft.AspNetCore.Http.Result.ContentResult || Write content with HTTP Response ContentType of "text/html" ||  ||end 
2025-05-22 21:34:26.736 +08:00 || Information || Microsoft.AspNetCore.Routing.EndpointMiddleware || Executed endpoint '"HTTP: GET /scalar/{documentName?}"' ||  ||end 
2025-05-22 21:34:26.742 +08:00 || Information || Microsoft.AspNetCore.Hosting.Diagnostics || Request finished "HTTP/1.1" "GET" "http"://"localhost:5000""""/scalar/""" - 200 904 "text/html" 198.257ms ||  ||end 
2025-05-22 21:34:26.779 +08:00 || Information || Microsoft.AspNetCore.Hosting.Diagnostics || Request starting "HTTP/1.1" "GET" "http"://"localhost:5000""""/scalar/scalar.js""" - null null ||  ||end 
2025-05-22 21:34:26.786 +08:00 || Information || Microsoft.AspNetCore.Hosting.Diagnostics || Request starting "HTTP/1.1" "GET" "http"://"localhost:5000""""/scalar/scalar.aspnetcore.js""" - null null ||  ||end 
2025-05-22 21:34:26.788 +08:00 || Information || Microsoft.AspNetCore.Routing.EndpointMiddleware || Executing endpoint '"HTTP: GET /scalar/scalar.js"' ||  ||end 
2025-05-22 21:34:26.795 +08:00 || Information || Microsoft.AspNetCore.Routing.EndpointMiddleware || Executing endpoint '"HTTP: GET /scalar/scalar.aspnetcore.js"' ||  ||end 
2025-05-22 21:34:26.808 +08:00 || Information || Microsoft.AspNetCore.Http.Result.FileStreamResult || Sending file with download name '""'. ||  ||end 
2025-05-22 21:34:26.808 +08:00 || Information || Microsoft.AspNetCore.Http.Result.FileStreamResult || Sending file with download name '""'. ||  ||end 
2025-05-22 21:34:26.818 +08:00 || Information || Microsoft.AspNetCore.Routing.EndpointMiddleware || Executed endpoint '"HTTP: GET /scalar/scalar.aspnetcore.js"' ||  ||end 
2025-05-22 21:34:26.821 +08:00 || Information || Microsoft.AspNetCore.Hosting.Diagnostics || Request finished "HTTP/1.1" "GET" "http"://"localhost:5000""""/scalar/scalar.aspnetcore.js""" - 200 1046 "text/javascript" 34.9268ms ||  ||end 
2025-05-22 21:34:26.855 +08:00 || Information || Microsoft.AspNetCore.Routing.EndpointMiddleware || Executed endpoint '"HTTP: GET /scalar/scalar.js"' ||  ||end 
2025-05-22 21:34:26.862 +08:00 || Information || Microsoft.AspNetCore.Hosting.Diagnostics || Request finished "HTTP/1.1" "GET" "http"://"localhost:5000""""/scalar/scalar.js""" - 200 810800 "text/javascript" 83.4015ms ||  ||end 
2025-05-22 21:34:27.468 +08:00 || Information || Microsoft.AspNetCore.Hosting.Diagnostics || Request starting "HTTP/1.1" "GET" "http"://"localhost:5000""""/openapi/v1.json""" - null null ||  ||end 
2025-05-22 21:34:27.479 +08:00 || Information || Microsoft.AspNetCore.Routing.EndpointMiddleware || Executing endpoint '"HTTP: GET /openapi/{documentName}.json"' ||  ||end 
2025-05-22 21:34:28.230 +08:00 || Information || Microsoft.AspNetCore.Routing.EndpointMiddleware || Executed endpoint '"HTTP: GET /openapi/{documentName}.json"' ||  ||end 
2025-05-22 21:34:28.232 +08:00 || Information || Microsoft.AspNetCore.Hosting.Diagnostics || Request finished "HTTP/1.1" "GET" "http"://"localhost:5000""""/openapi/v1.json""" - 200 null "application/json;charset=utf-8" 764.4246ms ||  ||end 
2025-05-22 21:34:29.862 +08:00 || Information || Microsoft.AspNetCore.Hosting.Diagnostics || Request starting "HTTP/1.1" "GET" "http"://"localhost:5000""""/favicon.ico""" - null null ||  ||end 
2025-05-22 21:34:29.874 +08:00 || Information || Microsoft.AspNetCore.Hosting.Diagnostics || Request finished "HTTP/1.1" "GET" "http"://"localhost:5000""""/favicon.ico""" - 404 0 null 11.9964ms ||  ||end 
2025-05-22 21:34:29.888 +08:00 || Information || Microsoft.AspNetCore.Hosting.Diagnostics || Request reached the end of the middleware pipeline without being handled by application code. Request path: "GET" "http"://"localhost:5000""""/favicon.ico", Response status code: 404 ||  ||end 
2025-05-22 21:34:39.923 +08:00 || Information || Microsoft.Hosting.Lifetime || Application is shutting down... ||  ||end 
2025-05-22 21:34:56.073 +08:00 || Information ||  || 服务启动："Services Starting..." ||  ||end 
2025-05-22 21:34:56.248 +08:00 || Information ||  || 运行环境: "MQ接口服务正在运行!!! 请勿随意关闭接口服务，避免造成数据丢失!!! Powered by .NET 9.0.5 强力驱动 on Kestrel" ||  ||end 
2025-05-22 21:34:56.579 +08:00 || Warning || Microsoft.AspNetCore.Server.Kestrel || Overriding address(es) '"https://localhost:7032, http://localhost:5016"'. Binding to endpoints defined via IConfiguration and/or UseKestrel() instead. ||  ||end 
2025-05-22 21:34:56.637 +08:00 || Information || Microsoft.Hosting.Lifetime || Now listening on: "http://[::]:5000" ||  ||end 
2025-05-22 21:34:56.641 +08:00 || Information || Microsoft.Hosting.Lifetime || Application started. Press Ctrl+C to shut down. ||  ||end 
2025-05-22 21:34:56.646 +08:00 || Information || Microsoft.Hosting.Lifetime || Hosting environment: "Development" ||  ||end 
2025-05-22 21:34:56.651 +08:00 || Information || Microsoft.Hosting.Lifetime || Content root path: "D:\客户源码--余开明\私单\江西附属医院\MQWebApplication\MQWebApplication" ||  ||end 
2025-05-22 21:35:03.020 +08:00 || Information || Microsoft.AspNetCore.Hosting.Diagnostics || Request starting "HTTP/1.1" "GET" "http"://"localhost:5000""""/scalar/""" - null null ||  ||end 
2025-05-22 21:35:03.080 +08:00 || Warning || Microsoft.AspNetCore.HttpsPolicy.HttpsRedirectionMiddleware || Failed to determine the https port for redirect. ||  ||end 
2025-05-22 21:35:03.092 +08:00 || Information || Microsoft.AspNetCore.Routing.EndpointMiddleware || Executing endpoint '"HTTP: GET /scalar/{documentName?}"' ||  ||end 
2025-05-22 21:35:03.158 +08:00 || Information || Microsoft.AspNetCore.Http.Result.ContentResult || Write content with HTTP Response ContentType of "text/html" ||  ||end 
2025-05-22 21:35:03.163 +08:00 || Information || Microsoft.AspNetCore.Routing.EndpointMiddleware || Executed endpoint '"HTTP: GET /scalar/{documentName?}"' ||  ||end 
2025-05-22 21:35:03.168 +08:00 || Information || Microsoft.AspNetCore.Hosting.Diagnostics || Request finished "HTTP/1.1" "GET" "http"://"localhost:5000""""/scalar/""" - 200 904 "text/html" 152.6383ms ||  ||end 
2025-05-22 21:35:03.224 +08:00 || Information || Microsoft.AspNetCore.Hosting.Diagnostics || Request starting "HTTP/1.1" "GET" "http"://"localhost:5000""""/scalar/scalar.js""" - null null ||  ||end 
2025-05-22 21:35:03.227 +08:00 || Information || Microsoft.AspNetCore.Hosting.Diagnostics || Request starting "HTTP/1.1" "GET" "http"://"localhost:5000""""/scalar/scalar.aspnetcore.js""" - null null ||  ||end 
2025-05-22 21:35:03.233 +08:00 || Information || Microsoft.AspNetCore.Routing.EndpointMiddleware || Executing endpoint '"HTTP: GET /scalar/scalar.js"' ||  ||end 
2025-05-22 21:35:03.237 +08:00 || Information || Microsoft.AspNetCore.Routing.EndpointMiddleware || Executing endpoint '"HTTP: GET /scalar/scalar.aspnetcore.js"' ||  ||end 
2025-05-22 21:35:03.248 +08:00 || Information || Microsoft.AspNetCore.Http.Result.StatusCodeResult || Setting HTTP status code 304. ||  ||end 
2025-05-22 21:35:03.248 +08:00 || Information || Microsoft.AspNetCore.Http.Result.StatusCodeResult || Setting HTTP status code 304. ||  ||end 
2025-05-22 21:35:03.251 +08:00 || Information || Microsoft.AspNetCore.Routing.EndpointMiddleware || Executed endpoint '"HTTP: GET /scalar/scalar.js"' ||  ||end 
2025-05-22 21:35:03.254 +08:00 || Information || Microsoft.AspNetCore.Routing.EndpointMiddleware || Executed endpoint '"HTTP: GET /scalar/scalar.aspnetcore.js"' ||  ||end 
2025-05-22 21:35:03.257 +08:00 || Information || Microsoft.AspNetCore.Hosting.Diagnostics || Request finished "HTTP/1.1" "GET" "http"://"localhost:5000""""/scalar/scalar.js""" - 304 null null 33.8922ms ||  ||end 
2025-05-22 21:35:03.259 +08:00 || Information || Microsoft.AspNetCore.Hosting.Diagnostics || Request finished "HTTP/1.1" "GET" "http"://"localhost:5000""""/scalar/scalar.aspnetcore.js""" - 304 null null 31.6462ms ||  ||end 
2025-05-22 21:35:03.469 +08:00 || Information || Microsoft.AspNetCore.Hosting.Diagnostics || Request starting "HTTP/1.1" "GET" "http"://"localhost:5000""""/openapi/v1.json""" - null null ||  ||end 
2025-05-22 21:35:03.475 +08:00 || Information || Microsoft.AspNetCore.Routing.EndpointMiddleware || Executing endpoint '"HTTP: GET /openapi/{documentName}.json"' ||  ||end 
2025-05-22 21:35:03.968 +08:00 || Information || Microsoft.AspNetCore.Routing.EndpointMiddleware || Executed endpoint '"HTTP: GET /openapi/{documentName}.json"' ||  ||end 
2025-05-22 21:35:03.972 +08:00 || Information || Microsoft.AspNetCore.Hosting.Diagnostics || Request finished "HTTP/1.1" "GET" "http"://"localhost:5000""""/openapi/v1.json""" - 200 null "application/json;charset=utf-8" 503.5633ms ||  ||end 
2025-05-22 21:35:22.063 +08:00 || Information || Microsoft.AspNetCore.Hosting.Diagnostics || Request starting "HTTP/1.1" "GET" "http"://"localhost:5000""""/scalar/""" - null null ||  ||end 
2025-05-22 21:35:22.070 +08:00 || Information || Microsoft.AspNetCore.Routing.EndpointMiddleware || Executing endpoint '"HTTP: GET /scalar/{documentName?}"' ||  ||end 
2025-05-22 21:35:22.077 +08:00 || Information || Microsoft.AspNetCore.Http.Result.ContentResult || Write content with HTTP Response ContentType of "text/html" ||  ||end 
2025-05-22 21:35:22.085 +08:00 || Information || Microsoft.AspNetCore.Routing.EndpointMiddleware || Executed endpoint '"HTTP: GET /scalar/{documentName?}"' ||  ||end 
2025-05-22 21:35:22.104 +08:00 || Information || Microsoft.AspNetCore.Hosting.Diagnostics || Request finished "HTTP/1.1" "GET" "http"://"localhost:5000""""/scalar/""" - 200 904 "text/html" 40.4831ms ||  ||end 
2025-05-22 21:35:22.123 +08:00 || Information || Microsoft.AspNetCore.Hosting.Diagnostics || Request starting "HTTP/1.1" "GET" "http"://"localhost:5000""""/scalar/scalar.js""" - null null ||  ||end 
2025-05-22 21:35:22.123 +08:00 || Information || Microsoft.AspNetCore.Hosting.Diagnostics || Request starting "HTTP/1.1" "GET" "http"://"localhost:5000""""/scalar/scalar.aspnetcore.js""" - null null ||  ||end 
2025-05-22 21:35:22.131 +08:00 || Information || Microsoft.AspNetCore.Routing.EndpointMiddleware || Executing endpoint '"HTTP: GET /scalar/scalar.js"' ||  ||end 
2025-05-22 21:35:22.136 +08:00 || Information || Microsoft.AspNetCore.Routing.EndpointMiddleware || Executing endpoint '"HTTP: GET /scalar/scalar.aspnetcore.js"' ||  ||end 
2025-05-22 21:35:22.137 +08:00 || Information || Microsoft.AspNetCore.Http.Result.StatusCodeResult || Setting HTTP status code 304. ||  ||end 
2025-05-22 21:35:22.139 +08:00 || Information || Microsoft.AspNetCore.Http.Result.StatusCodeResult || Setting HTTP status code 304. ||  ||end 
2025-05-22 21:35:22.142 +08:00 || Information || Microsoft.AspNetCore.Routing.EndpointMiddleware || Executed endpoint '"HTTP: GET /scalar/scalar.js"' ||  ||end 
2025-05-22 21:35:22.146 +08:00 || Information || Microsoft.AspNetCore.Routing.EndpointMiddleware || Executed endpoint '"HTTP: GET /scalar/scalar.aspnetcore.js"' ||  ||end 
2025-05-22 21:35:22.148 +08:00 || Information || Microsoft.AspNetCore.Hosting.Diagnostics || Request finished "HTTP/1.1" "GET" "http"://"localhost:5000""""/scalar/scalar.js""" - 304 null null 25.646ms ||  ||end 
2025-05-22 21:35:22.153 +08:00 || Information || Microsoft.AspNetCore.Hosting.Diagnostics || Request finished "HTTP/1.1" "GET" "http"://"localhost:5000""""/scalar/scalar.aspnetcore.js""" - 304 null null 29.6412ms ||  ||end 
2025-05-22 21:35:22.241 +08:00 || Information || Microsoft.AspNetCore.Hosting.Diagnostics || Request starting "HTTP/1.1" "GET" "http"://"localhost:5000""""/openapi/v1.json""" - null null ||  ||end 
2025-05-22 21:35:22.246 +08:00 || Information || Microsoft.AspNetCore.Routing.EndpointMiddleware || Executing endpoint '"HTTP: GET /openapi/{documentName}.json"' ||  ||end 
2025-05-22 21:35:22.273 +08:00 || Information || Microsoft.AspNetCore.Routing.EndpointMiddleware || Executed endpoint '"HTTP: GET /openapi/{documentName}.json"' ||  ||end 
2025-05-22 21:35:22.275 +08:00 || Information || Microsoft.AspNetCore.Hosting.Diagnostics || Request finished "HTTP/1.1" "GET" "http"://"localhost:5000""""/openapi/v1.json""" - 200 null "application/json;charset=utf-8" 34.629ms ||  ||end 
2025-05-22 21:35:25.143 +08:00 || Information || Microsoft.AspNetCore.Hosting.Diagnostics || Request starting "HTTP/1.1" "GET" "http"://"localhost:5000""""/scalar/""" - null null ||  ||end 
2025-05-22 21:35:25.149 +08:00 || Information || Microsoft.AspNetCore.Routing.EndpointMiddleware || Executing endpoint '"HTTP: GET /scalar/{documentName?}"' ||  ||end 
2025-05-22 21:35:25.152 +08:00 || Information || Microsoft.AspNetCore.Http.Result.ContentResult || Write content with HTTP Response ContentType of "text/html" ||  ||end 
2025-05-22 21:35:25.155 +08:00 || Information || Microsoft.AspNetCore.Routing.EndpointMiddleware || Executed endpoint '"HTTP: GET /scalar/{documentName?}"' ||  ||end 
2025-05-22 21:35:25.158 +08:00 || Information || Microsoft.AspNetCore.Hosting.Diagnostics || Request finished "HTTP/1.1" "GET" "http"://"localhost:5000""""/scalar/""" - 200 904 "text/html" 15.7663ms ||  ||end 
2025-05-22 21:35:25.182 +08:00 || Information || Microsoft.AspNetCore.Hosting.Diagnostics || Request starting "HTTP/1.1" "GET" "http"://"localhost:5000""""/scalar/scalar.js""" - null null ||  ||end 
2025-05-22 21:35:25.182 +08:00 || Information || Microsoft.AspNetCore.Hosting.Diagnostics || Request starting "HTTP/1.1" "GET" "http"://"localhost:5000""""/scalar/scalar.aspnetcore.js""" - null null ||  ||end 
2025-05-22 21:35:25.189 +08:00 || Information || Microsoft.AspNetCore.Routing.EndpointMiddleware || Executing endpoint '"HTTP: GET /scalar/scalar.js"' ||  ||end 
2025-05-22 21:35:25.196 +08:00 || Information || Microsoft.AspNetCore.Routing.EndpointMiddleware || Executing endpoint '"HTTP: GET /scalar/scalar.aspnetcore.js"' ||  ||end 
2025-05-22 21:35:25.199 +08:00 || Information || Microsoft.AspNetCore.Http.Result.StatusCodeResult || Setting HTTP status code 304. ||  ||end 
2025-05-22 21:35:25.202 +08:00 || Information || Microsoft.AspNetCore.Http.Result.StatusCodeResult || Setting HTTP status code 304. ||  ||end 
2025-05-22 21:35:25.205 +08:00 || Information || Microsoft.AspNetCore.Routing.EndpointMiddleware || Executed endpoint '"HTTP: GET /scalar/scalar.js"' ||  ||end 
2025-05-22 21:35:25.208 +08:00 || Information || Microsoft.AspNetCore.Routing.EndpointMiddleware || Executed endpoint '"HTTP: GET /scalar/scalar.aspnetcore.js"' ||  ||end 
2025-05-22 21:35:25.211 +08:00 || Information || Microsoft.AspNetCore.Hosting.Diagnostics || Request finished "HTTP/1.1" "GET" "http"://"localhost:5000""""/scalar/scalar.js""" - 304 null null 29.14ms ||  ||end 
2025-05-22 21:35:25.214 +08:00 || Information || Microsoft.AspNetCore.Hosting.Diagnostics || Request finished "HTTP/1.1" "GET" "http"://"localhost:5000""""/scalar/scalar.aspnetcore.js""" - 304 null null 31.8663ms ||  ||end 
2025-05-22 21:35:25.285 +08:00 || Information || Microsoft.AspNetCore.Hosting.Diagnostics || Request starting "HTTP/1.1" "GET" "http"://"localhost:5000""""/openapi/v1.json""" - null null ||  ||end 
2025-05-22 21:35:25.293 +08:00 || Information || Microsoft.AspNetCore.Routing.EndpointMiddleware || Executing endpoint '"HTTP: GET /openapi/{documentName}.json"' ||  ||end 
2025-05-22 21:35:25.305 +08:00 || Information || Microsoft.AspNetCore.Routing.EndpointMiddleware || Executed endpoint '"HTTP: GET /openapi/{documentName}.json"' ||  ||end 
2025-05-22 21:35:25.310 +08:00 || Information || Microsoft.AspNetCore.Hosting.Diagnostics || Request finished "HTTP/1.1" "GET" "http"://"localhost:5000""""/openapi/v1.json""" - 200 null "application/json;charset=utf-8" 24.9658ms ||  ||end 
2025-05-22 21:35:31.235 +08:00 || Information || Microsoft.Hosting.Lifetime || Application is shutting down... ||  ||end 
2025-05-22 21:35:39.712 +08:00 || Information ||  || 服务启动："Services Starting..." ||  ||end 
2025-05-22 21:35:39.876 +08:00 || Information ||  || 运行环境: "MQ接口服务正在运行!!! 请勿随意关闭接口服务，避免造成数据丢失!!! Powered by .NET 9.0.5 强力驱动 on Kestrel" ||  ||end 
2025-05-22 21:35:40.055 +08:00 || Warning || Microsoft.AspNetCore.Server.Kestrel || Overriding address(es) '"https://localhost:7032, http://localhost:5016"'. Binding to endpoints defined via IConfiguration and/or UseKestrel() instead. ||  ||end 
2025-05-22 21:35:40.142 +08:00 || Information || Microsoft.Hosting.Lifetime || Now listening on: "http://[::]:5000" ||  ||end 
2025-05-22 21:35:40.199 +08:00 || Information || Microsoft.Hosting.Lifetime || Application started. Press Ctrl+C to shut down. ||  ||end 
2025-05-22 21:35:40.201 +08:00 || Information || Microsoft.Hosting.Lifetime || Hosting environment: "Development" ||  ||end 
2025-05-22 21:35:40.202 +08:00 || Information || Microsoft.Hosting.Lifetime || Content root path: "D:\客户源码--余开明\私单\江西附属医院\MQWebApplication\MQWebApplication" ||  ||end 
2025-05-22 21:36:00.843 +08:00 || Information || Microsoft.AspNetCore.Hosting.Diagnostics || Request starting "HTTP/1.1" "GET" "http"://"localhost:5000""""/scalar/""" - null null ||  ||end 
2025-05-22 21:36:00.895 +08:00 || Warning || Microsoft.AspNetCore.HttpsPolicy.HttpsRedirectionMiddleware || Failed to determine the https port for redirect. ||  ||end 
2025-05-22 21:36:00.903 +08:00 || Information || Microsoft.AspNetCore.Routing.EndpointMiddleware || Executing endpoint '"HTTP: GET /scalar/{documentName?}"' ||  ||end 
2025-05-22 21:36:01.021 +08:00 || Information || Microsoft.AspNetCore.Http.Result.ContentResult || Write content with HTTP Response ContentType of "text/html" ||  ||end 
2025-05-22 21:36:01.029 +08:00 || Information || Microsoft.AspNetCore.Routing.EndpointMiddleware || Executed endpoint '"HTTP: GET /scalar/{documentName?}"' ||  ||end 
2025-05-22 21:36:01.037 +08:00 || Information || Microsoft.AspNetCore.Hosting.Diagnostics || Request finished "HTTP/1.1" "GET" "http"://"localhost:5000""""/scalar/""" - 200 904 "text/html" 197.6173ms ||  ||end 
2025-05-22 21:36:01.064 +08:00 || Information || Microsoft.AspNetCore.Hosting.Diagnostics || Request starting "HTTP/1.1" "GET" "http"://"localhost:5000""""/scalar/scalar.aspnetcore.js""" - null null ||  ||end 
2025-05-22 21:36:01.081 +08:00 || Information || Microsoft.AspNetCore.Hosting.Diagnostics || Request starting "HTTP/1.1" "GET" "http"://"localhost:5000""""/scalar/scalar.js""" - null null ||  ||end 
2025-05-22 21:36:01.092 +08:00 || Information || Microsoft.AspNetCore.Routing.EndpointMiddleware || Executing endpoint '"HTTP: GET /scalar/scalar.aspnetcore.js"' ||  ||end 
2025-05-22 21:36:01.101 +08:00 || Information || Microsoft.AspNetCore.Routing.EndpointMiddleware || Executing endpoint '"HTTP: GET /scalar/scalar.js"' ||  ||end 
2025-05-22 21:36:01.111 +08:00 || Information || Microsoft.AspNetCore.Http.Result.StatusCodeResult || Setting HTTP status code 304. ||  ||end 
2025-05-22 21:36:01.111 +08:00 || Information || Microsoft.AspNetCore.Http.Result.StatusCodeResult || Setting HTTP status code 304. ||  ||end 
2025-05-22 21:36:01.114 +08:00 || Information || Microsoft.AspNetCore.Routing.EndpointMiddleware || Executed endpoint '"HTTP: GET /scalar/scalar.aspnetcore.js"' ||  ||end 
2025-05-22 21:36:01.117 +08:00 || Information || Microsoft.AspNetCore.Routing.EndpointMiddleware || Executed endpoint '"HTTP: GET /scalar/scalar.js"' ||  ||end 
2025-05-22 21:36:01.118 +08:00 || Information || Microsoft.AspNetCore.Hosting.Diagnostics || Request finished "HTTP/1.1" "GET" "http"://"localhost:5000""""/scalar/scalar.aspnetcore.js""" - 304 null null 55.0613ms ||  ||end 
2025-05-22 21:36:01.119 +08:00 || Information || Microsoft.AspNetCore.Hosting.Diagnostics || Request finished "HTTP/1.1" "GET" "http"://"localhost:5000""""/scalar/scalar.js""" - 304 null null 37.7565ms ||  ||end 
2025-05-22 21:36:01.216 +08:00 || Information || Microsoft.AspNetCore.Hosting.Diagnostics || Request starting "HTTP/1.1" "GET" "http"://"localhost:5000""""/openapi/v1.json""" - null null ||  ||end 
2025-05-22 21:36:01.228 +08:00 || Information || Microsoft.AspNetCore.Routing.EndpointMiddleware || Executing endpoint '"HTTP: GET /openapi/{documentName}.json"' ||  ||end 
2025-05-22 21:36:01.851 +08:00 || Information || Microsoft.AspNetCore.Routing.EndpointMiddleware || Executed endpoint '"HTTP: GET /openapi/{documentName}.json"' ||  ||end 
2025-05-22 21:36:01.854 +08:00 || Information || Microsoft.AspNetCore.Hosting.Diagnostics || Request finished "HTTP/1.1" "GET" "http"://"localhost:5000""""/openapi/v1.json""" - 200 null "application/json;charset=utf-8" 637.5317ms ||  ||end 
2025-05-22 21:36:08.302 +08:00 || Information || Microsoft.AspNetCore.Hosting.Diagnostics || Request starting "HTTP/1.1" "POST" "http"://"localhost:5000""""/api/MQ/ComposePutAndGetMsgry""" - "application/json" 86 ||  ||end 
2025-05-22 21:36:08.311 +08:00 || Information || Microsoft.AspNetCore.Routing.EndpointMiddleware || Executing endpoint '"MQWebApplication.Controllers.MQController.ComposePutAndGetMsgry (MQWebApplication)"' ||  ||end 
2025-05-22 21:36:08.416 +08:00 || Information || Microsoft.AspNetCore.Mvc.Infrastructure.ControllerActionInvoker || Route matched with "{action = \"ComposePutAndGetMsgry\", controller = \"MQ\"}". Executing controller action with signature "Microsoft.AspNetCore.Mvc.IActionResult ComposePutAndGetMsgry(MQWebApplication.Models.PutMsgDto)" on controller "MQWebApplication.Controllers.MQController" ("MQWebApplication"). ||  ||end 
2025-05-22 21:36:14.995 +08:00 || Information || MQWebApplication.Controllers.MQController || 员工XML消息体内容:"<ESBEntry><AccessControl><SysFlag>1</SysFlag><UserName>rsgl</UserName><Password>rsgl123</Password><Fid>PS02005</Fid><OrderNo>PS02005S01001</OrderNo></AccessControl><MessageHeader><OrderNo>PS02005S01001</OrderNo><Fid>PS02005</Fid><SourceSysCode>S27</SourceSysCode><ReturnFlag>-1</ReturnFlag><HospCode>GH01</HospCode><TargetSysCode>S00</TargetSysCode><MsgDate>2025-05-22 21:36:14</MsgDate></MessageHeader><MsgInfo flag=\"\"><Msg id=\"996\" lastUpdate=\"2025-05-22 21:36:14\" action=\"update\"><IS_WARD>0</IS_WARD><WUBI_CODE>IWMTCUA</WUBI_CODE><UPDATE_USER>006165</UPDATE_USER><UPDATE_TIME>2025-05-22 21:36:14</UPDATE_TIME><UPDATE_FLAG>0</UPDATE_FLAG><TITLE_LEVEL_NAME>主任医师</TITLE_LEVEL_NAME><TITLE_LEVEL_CODE>01</TITLE_LEVEL_CODE><SUBOR_DEPT_NAME>消化内科三病区</SUBOR_DEPT_NAME><SUBOR_DEPT_CODE>2983</SUBOR_DEPT_CODE><STAFF_NAME>张三</STAFF_NAME><STAFF_CODE>S001</STAFF_CODE><STAFF_CATEG_NAME>医生</STAFF_CATEG_NAME><STAFF_CATEG_CODE>D</STAFF_CATEG_CODE><STAFF_BRIEFING>消化内科专家</STAFF_BRIEFING><ROLE_AUTHORITY_NAME>管理员</ROLE_AUTHORITY_NAME><ROLE_AUTHORITY_CODE>ADMIN</ROLE_AUTHORITY_CODE><POLITICAL_STATUS>党员</POLITICAL_STATUS><PINYIN_CODE>ZHANGSAN</PINYIN_CODE><PHYSI_SEX_NAME>男</PHYSI_SEX_NAME><PHYSI_SEX_CODE>M</PHYSI_SEX_CODE><PHONE_NO_OFFICE>010-12345678</PHONE_NO_OFFICE><PHONE_NO_HOME>010-87654321</PHONE_NO_HOME><PHONE_NO>138-1234-5678</PHONE_NO><NATIVE_ADDR>北京市朝阳区</NATIVE_ADDR><NATION_NAME>中国</NATION_NAME><NATION_CODE>CN</NATION_CODE><MARITAL_STATUS_NAME>已婚</MARITAL_STATUS_NAME><MARITAL_STATUS_CODE>MARRIED</MARITAL_STATUS_CODE><MAJOR_SKILL_POST_NAME>内科医生</MAJOR_SKILL_POST_NAME><MAJOR_SKILL_POST_CODE>MD</MAJOR_SKILL_POST_CODE><LOGIN_PASSWORD>hashed_password</LOGIN_PASSWORD><LOGIN_NAME>zhangsan</LOGIN_NAME><INVALID_FLAG>0</INVALID_FLAG><ID_NUMBER>11010519900515001X</ID_NUMBER><HUKOU_ADDR>北京市海淀区</HUKOU_ADDR><ETHNIC_NAME>汉族</ETHNIC_NAME><ETHNIC_CODE>01</ETHNIC_CODE><EMAIL>zhangsan@example.com</EMAIL><EDUCATION_NAME>博士</EDUCATION_NAME><EDUCATION_CODE>PHD</EDUCATION_CODE><DATE_BIRTH /><CURR_ADDR>北京市朝阳区望京</CURR_ADDR><CREATE_USER>006165</CREATE_USER><CREATE_TIME /></Msg></MsgInfo></ESBEntry>" ||  ||end 
2025-05-22 21:36:15.000 +08:00 || Information || MQWebApplication.Controllers.MQController || 生成员工MQ消息体内容:PutMsgDto { DataChannel: "PS02004", Msg: "<ESBEntry><AccessControl><SysFlag>1</SysFlag><UserName>rsgl</UserName><Password>rsgl123</Password><Fid>PS02005</Fid><OrderNo>PS02005S01001</OrderNo></AccessControl><MessageHeader><OrderNo>PS02005S01001</OrderNo><Fid>PS02005</Fid><SourceSysCode>S27</SourceSysCode><ReturnFlag>-1</ReturnFlag><HospCode>GH01</HospCode><TargetSysCode>S00</TargetSysCode><MsgDate>2025-05-22 21:36:14</MsgDate></MessageHeader><MsgInfo flag=\"\"><Msg id=\"996\" lastUpdate=\"2025-05-22 21:36:14\" action=\"update\"><IS_WARD>0</IS_WARD><WUBI_CODE>IWMTCUA</WUBI_CODE><UPDATE_USER>006165</UPDATE_USER><UPDATE_TIME>2025-05-22 21:36:14</UPDATE_TIME><UPDATE_FLAG>0</UPDATE_FLAG><TITLE_LEVEL_NAME>主任医师</TITLE_LEVEL_NAME><TITLE_LEVEL_CODE>01</TITLE_LEVEL_CODE><SUBOR_DEPT_NAME>消化内科三病区</SUBOR_DEPT_NAME><SUBOR_DEPT_CODE>2983</SUBOR_DEPT_CODE><STAFF_NAME>张三</STAFF_NAME><STAFF_CODE>S001</STAFF_CODE><STAFF_CATEG_NAME>医生</STAFF_CATEG_NAME><STAFF_CATEG_CODE>D</STAFF_CATEG_CODE><STAFF_BRIEFING>消化内科专家</STAFF_BRIEFING><ROLE_AUTHORITY_NAME>管理员</ROLE_AUTHORITY_NAME><ROLE_AUTHORITY_CODE>ADMIN</ROLE_AUTHORITY_CODE><POLITICAL_STATUS>党员</POLITICAL_STATUS><PINYIN_CODE>ZHANGSAN</PINYIN_CODE><PHYSI_SEX_NAME>男</PHYSI_SEX_NAME><PHYSI_SEX_CODE>M</PHYSI_SEX_CODE><PHONE_NO_OFFICE>010-12345678</PHONE_NO_OFFICE><PHONE_NO_HOME>010-87654321</PHONE_NO_HOME><PHONE_NO>138-1234-5678</PHONE_NO><NATIVE_ADDR>北京市朝阳区</NATIVE_ADDR><NATION_NAME>中国</NATION_NAME><NATION_CODE>CN</NATION_CODE><MARITAL_STATUS_NAME>已婚</MARITAL_STATUS_NAME><MARITAL_STATUS_CODE>MARRIED</MARITAL_STATUS_CODE><MAJOR_SKILL_POST_NAME>内科医生</MAJOR_SKILL_POST_NAME><MAJOR_SKILL_POST_CODE>MD</MAJOR_SKILL_POST_CODE><LOGIN_PASSWORD>hashed_password</LOGIN_PASSWORD><LOGIN_NAME>zhangsan</LOGIN_NAME><INVALID_FLAG>0</INVALID_FLAG><ID_NUMBER>11010519900515001X</ID_NUMBER><HUKOU_ADDR>北京市海淀区</HUKOU_ADDR><ETHNIC_NAME>汉族</ETHNIC_NAME><ETHNIC_CODE>01</ETHNIC_CODE><EMAIL>zhangsan@example.com</EMAIL><EDUCATION_NAME>博士</EDUCATION_NAME><EDUCATION_CODE>PHD</EDUCATION_CODE><DATE_BIRTH /><CURR_ADDR>北京市朝阳区望京</CURR_ADDR><CREATE_USER>006165</CREATE_USER><CREATE_TIME /></Msg></MsgInfo></ESBEntry>", MsgId: "", QMgrName: "QMGR.P27", WaitInternal: 1 } ||  ||end 
2025-05-22 21:36:20.401 +08:00 || Information || MQWebApplication.Controllers.MQController || 接收返回MQ消息:SdkResponse`1 { Result: null, Msg: "", Code: "SDK23999", IsSuccessful: False, Data: null, OID: null } ||  ||end 
2025-05-22 21:36:20.474 +08:00 || Information || Microsoft.AspNetCore.Mvc.Infrastructure.ObjectResultExecutor || Executing "OkObjectResult", writing value of type '"MQSDK.SdkResponse`1[[MQSDK.Models.GetMsgResult, MQSDK, Version=4.5.7905.29417, Culture=neutral, PublicKeyToken=null]]"'. ||  ||end 
2025-05-22 21:36:20.533 +08:00 || Information || Microsoft.AspNetCore.Mvc.Infrastructure.ControllerActionInvoker || Executed action "MQWebApplication.Controllers.MQController.ComposePutAndGetMsgry (MQWebApplication)" in 12096.4437ms ||  ||end 
2025-05-22 21:36:20.536 +08:00 || Information || Microsoft.AspNetCore.Routing.EndpointMiddleware || Executed endpoint '"MQWebApplication.Controllers.MQController.ComposePutAndGetMsgry (MQWebApplication)"' ||  ||end 
2025-05-22 21:36:20.538 +08:00 || Information || Microsoft.AspNetCore.Hosting.Diagnostics || Request finished "HTTP/1.1" "POST" "http"://"localhost:5000""""/api/MQ/ComposePutAndGetMsgry""" - 200 null "application/json; charset=utf-8" 12236.046ms ||  ||end 
2025-05-22 21:36:28.176 +08:00 || Information || Microsoft.Hosting.Lifetime || Application is shutting down... ||  ||end 
